::1 - - uid: UID_UNDEFINED [18/Apr/2022:21:26:53 +0000] "POST /user/signup HTTP/1.1" 404 151 "-" "Mozilla/5.0 (Macintosh; Intel Mac OS X 10_15_7) AppleWebKit/537.36 (KHTML, like Gecko) Chrome/100.0.4896.127 Safari/537.36"
::1 - - uid: UID_UNDEFINED [18/Apr/2022:21:27:24 +0000] "POST /user/signin HTTP/1.1" 404 151 "-" "Mozilla/5.0 (Macintosh; Intel Mac OS X 10_15_7) AppleWebKit/537.36 (KHTML, like Gecko) Chrome/100.0.4896.127 Safari/537.36"
::1 - - uid: UID_UNDEFINED [18/Apr/2022:21:27:34 +0000] "POST /user/signin HTTP/1.1" 404 151 "-" "Mozilla/5.0 (Macintosh; Intel Mac OS X 10_15_7) AppleWebKit/537.36 (KHTML, like Gecko) Chrome/100.0.4896.127 Safari/537.36"
::1 - - uid: UID_UNDEFINED [18/Apr/2022:21:27:42 +0000] "POST /account/signin HTTP/1.1" 400 64 "-" "Mozilla/5.0 (Macintosh; Intel Mac OS X 10_15_7) AppleWebKit/537.36 (KHTML, like Gecko) Chrome/100.0.4896.127 Safari/537.36"
::1 - - uid: UID_UNDEFINED [18/Apr/2022:21:28:25 +0000] "POST /account/signup HTTP/1.1" 400 79 "-" "Mozilla/5.0 (Macintosh; Intel Mac OS X 10_15_7) AppleWebKit/537.36 (KHTML, like Gecko) Chrome/100.0.4896.127 Safari/537.36"
::1 - - uid: UID_UNDEFINED [18/Apr/2022:21:30:10 +0000] "POST /account/signup HTTP/1.1" 400 79 "-" "Mozilla/5.0 (Macintosh; Intel Mac OS X 10_15_7) AppleWebKit/537.36 (KHTML, like Gecko) Chrome/100.0.4896.127 Safari/537.36"
::1 - - uid: UID_UNDEFINED [18/Apr/2022:21:30:28 +0000] "POST /account/signup HTTP/1.1" 400 46 "-" "Mozilla/5.0 (Macintosh; Intel Mac OS X 10_15_7) AppleWebKit/537.36 (KHTML, like Gecko) Chrome/100.0.4896.127 Safari/537.36"
::1 - - uid: UID_UNDEFINED [18/Apr/2022:21:31:40 +0000] "POST /account/signup HTTP/1.1" 400 64 "-" "Mozilla/5.0 (Macintosh; Intel Mac OS X 10_15_7) AppleWebKit/537.36 (KHTML, like Gecko) Chrome/100.0.4896.127 Safari/537.36"
::1 - - uid: UID_UNDEFINED [18/Apr/2022:22:02:15 +0000] "PUT /calendar/event HTTP/1.1" 400 46 "-" "Mozilla/5.0 (Macintosh; Intel Mac OS X 10_15_7) AppleWebKit/537.36 (KHTML, like Gecko) Chrome/100.0.4896.127 Safari/537.36"
::1 - - uid: UID_UNDEFINED [18/Apr/2022:22:04:00 +0000] "DELETE /calendar/event HTTP/1.1" 400 46 "-" "Mozilla/5.0 (Macintosh; Intel Mac OS X 10_15_7) AppleWebKit/537.36 (KHTML, like Gecko) Chrome/100.0.4896.127 Safari/537.36"
::1 - - uid: UID_UNDEFINED [18/Apr/2022:22:23:09 +0000] "GET /calendar/event?startDate=03/26/2022 HTTP/1.1" 401 77 "-" "Mozilla/5.0 (Macintosh; Intel Mac OS X 10_15_7) AppleWebKit/537.36 (KHTML, like Gecko) Chrome/100.0.4896.127 Safari/537.36"
::1 - - uid: UID_UNDEFINED [18/Apr/2022:22:23:30 +0000] "GET /calendar/event?startDate=03/26/2022 HTTP/1.1" 401 77 "-" "Mozilla/5.0 (Macintosh; Intel Mac OS X 10_15_7) AppleWebKit/537.36 (KHTML, like Gecko) Chrome/100.0.4896.127 Safari/537.36"
::1 - - uid: UID_UNDEFINED [18/Apr/2022:22:23:30 +0000] "GET /calendar/event?startDate=03/26/2022 HTTP/1.1" 401 77 "-" "Mozilla/5.0 (Macintosh; Intel Mac OS X 10_15_7) AppleWebKit/537.36 (KHTML, like Gecko) Chrome/100.0.4896.127 Safari/537.36"
::1 - - uid: 625dd8c65b97c62d7e72698d [18/Apr/2022:22:24:08 +0000] "PUT /calendar/event HTTP/1.1" 400 52 "-" "Mozilla/5.0 (Macintosh; Intel Mac OS X 10_15_7) AppleWebKit/537.36 (KHTML, like Gecko) Chrome/100.0.4896.127 Safari/537.36"
::1 - - uid: UID_UNDEFINED [18/Apr/2022:22:24:56 +0000] "GET /calendar/event?startDate=03/26/2022 HTTP/1.1" 401 77 "-" "Mozilla/5.0 (Macintosh; Intel Mac OS X 10_15_7) AppleWebKit/537.36 (KHTML, like Gecko) Chrome/100.0.4896.127 Safari/537.36"
::1 - - uid: UID_UNDEFINED [18/Apr/2022:22:25:29 +0000] "POST /account/signup HTTP/1.1" 400 46 "-" "Mozilla/5.0 (Macintosh; Intel Mac OS X 10_15_7) AppleWebKit/537.36 (KHTML, like Gecko) Chrome/100.0.4896.127 Safari/537.36"
::1 - - uid: UID_UNDEFINED [19/Apr/2022:11:17:22 +0000] "GET /calendar/event?startDate=03/26/2022 HTTP/1.1" 404 153 "-" "Mozilla/5.0 (Macintosh; Intel Mac OS X 10_15_7) AppleWebKit/537.36 (KHTML, like Gecko) Chrome/100.0.4896.127 Safari/537.36"
::1 - - uid: UID_UNDEFINED [19/Apr/2022:11:19:20 +0000] "POST /signin HTTP/1.1" 404 146 "-" "Mozilla/5.0 (Macintosh; Intel Mac OS X 10_15_7) AppleWebKit/537.36 (KHTML, like Gecko) Chrome/100.0.4896.127 Safari/537.36"
::1 - - uid: UID_UNDEFINED [19/Apr/2022:11:19:53 +0000] "POST /signin HTTP/1.1" 400 30 "-" "Mozilla/5.0 (Macintosh; Intel Mac OS X 10_15_7) AppleWebKit/537.36 (KHTML, like Gecko) Chrome/100.0.4896.127 Safari/537.36"
::1 - - uid: UID_UNDEFINED [19/Apr/2022:11:20:47 +0000] "POST /signin HTTP/1.1" 400 30 "-" "Mozilla/5.0 (Macintosh; Intel Mac OS X 10_15_7) AppleWebKit/537.36 (KHTML, like Gecko) Chrome/100.0.4896.127 Safari/537.36"
::1 - - uid: UID_UNDEFINED [20/Apr/2022:22:46:27 +0000] "POST /signin HTTP/1.1" 400 74 "http://localhost:3000/" "Mozilla/5.0 (Macintosh; Intel Mac OS X 10_15_7) AppleWebKit/537.36 (KHTML, like Gecko) Chrome/100.0.4896.127 Safari/537.36"
::1 - - uid: UID_UNDEFINED [20/Apr/2022:22:49:51 +0000] "POST /signin HTTP/1.1" 400 74 "http://localhost:3000/" "Mozilla/5.0 (Macintosh; Intel Mac OS X 10_15_7) AppleWebKit/537.36 (KHTML, like Gecko) Chrome/100.0.4896.127 Safari/537.36"
::1 - - uid: UID_UNDEFINED [20/Apr/2022:22:53:36 +0000] "POST /signin HTTP/1.1" 400 74 "http://localhost:3000/" "Mozilla/5.0 (Macintosh; Intel Mac OS X 10_15_7) AppleWebKit/537.36 (KHTML, like Gecko) Chrome/100.0.4896.127 Safari/537.36"
::1 - - uid: UID_UNDEFINED [20/Apr/2022:22:56:28 +0000] "GET /signin HTTP/1.1" 404 145 "-" "Mozilla/5.0 (Macintosh; Intel Mac OS X 10_15_7) AppleWebKit/537.36 (KHTML, like Gecko) Chrome/100.0.4896.127 Safari/537.36"
::1 - - uid: UID_UNDEFINED [20/Apr/2022:22:57:05 +0000] "GET /signin HTTP/1.1" 404 145 "-" "Mozilla/5.0 (Macintosh; Intel Mac OS X 10_15_7) AppleWebKit/537.36 (KHTML, like Gecko) Chrome/100.0.4896.127 Safari/537.36"
::1 - - uid: UID_UNDEFINED [20/Apr/2022:22:58:18 +0000] "POST /signin HTTP/1.1" 400 74 "http://localhost:3000/" "Mozilla/5.0 (Macintosh; Intel Mac OS X 10_15_7) AppleWebKit/537.36 (KHTML, like Gecko) Chrome/100.0.4896.127 Safari/537.36"
::1 - - uid: UID_UNDEFINED [20/Apr/2022:23:00:05 +0000] "POST /signin HTTP/1.1" 400 74 "http://localhost:3000/" "Mozilla/5.0 (Macintosh; Intel Mac OS X 10_15_7) AppleWebKit/537.36 (KHTML, like Gecko) Chrome/100.0.4896.127 Safari/537.36"
::1 - - uid: UID_UNDEFINED [20/Apr/2022:23:04:41 +0000] "POST /signin HTTP/1.1" 400 64 "http://localhost:3000/" "Mozilla/5.0 (Macintosh; Intel Mac OS X 10_15_7) AppleWebKit/537.36 (KHTML, like Gecko) Chrome/100.0.4896.127 Safari/537.36"
::1 - - uid: UID_UNDEFINED [20/Apr/2022:23:06:23 +0000] "POST /signin HTTP/1.1" 400 74 "http://localhost:3000/" "Mozilla/5.0 (Macintosh; Intel Mac OS X 10_15_7) AppleWebKit/537.36 (KHTML, like Gecko) Chrome/100.0.4896.127 Safari/537.36"
::1 - - uid: UID_UNDEFINED [20/Apr/2022:23:08:28 +0000] "POST /signin HTTP/1.1" 400 74 "http://localhost:3000/" "Mozilla/5.0 (Macintosh; Intel Mac OS X 10_15_7) AppleWebKit/537.36 (KHTML, like Gecko) Chrome/100.0.4896.127 Safari/537.36"
::1 - - uid: UID_UNDEFINED [20/Apr/2022:23:09:33 +0000] "POST /signin HTTP/1.1" 400 74 "http://localhost:3000/" "Mozilla/5.0 (Macintosh; Intel Mac OS X 10_15_7) AppleWebKit/537.36 (KHTML, like Gecko) Chrome/100.0.4896.127 Safari/537.36"
::1 - - uid: UID_UNDEFINED [20/Apr/2022:23:10:00 +0000] "POST /signin HTTP/1.1" 400 74 "http://localhost:3000/" "Mozilla/5.0 (Macintosh; Intel Mac OS X 10_15_7) AppleWebKit/537.36 (KHTML, like Gecko) Chrome/100.0.4896.127 Safari/537.36"
::1 - - uid: UID_UNDEFINED [20/Apr/2022:23:11:42 +0000] "POST /signin HTTP/1.1" 400 74 "http://localhost:3000/" "Mozilla/5.0 (Macintosh; Intel Mac OS X 10_15_7) AppleWebKit/537.36 (KHTML, like Gecko) Chrome/100.0.4896.127 Safari/537.36"
::1 - - uid: UID_UNDEFINED [20/Apr/2022:23:12:26 +0000] "POST /signin HTTP/1.1" 400 74 "http://localhost:3000/" "Mozilla/5.0 (Macintosh; Intel Mac OS X 10_15_7) AppleWebKit/537.36 (KHTML, like Gecko) Chrome/100.0.4896.127 Safari/537.36"
::1 - - uid: UID_UNDEFINED [20/Apr/2022:23:12:48 +0000] "POST /signin HTTP/1.1" 400 74 "http://localhost:3000/" "Mozilla/5.0 (Macintosh; Intel Mac OS X 10_15_7) AppleWebKit/537.36 (KHTML, like Gecko) Chrome/100.0.4896.127 Safari/537.36"
::1 - - uid: UID_UNDEFINED [20/Apr/2022:23:13:40 +0000] "POST /signin HTTP/1.1" 400 74 "http://localhost:3000/" "Mozilla/5.0 (Macintosh; Intel Mac OS X 10_15_7) AppleWebKit/537.36 (KHTML, like Gecko) Chrome/100.0.4896.127 Safari/537.36"
::1 - - uid: UID_UNDEFINED [20/Apr/2022:23:14:59 +0000] "POST /signin HTTP/1.1" 400 74 "http://localhost:3000/" "Mozilla/5.0 (Macintosh; Intel Mac OS X 10_15_7) AppleWebKit/537.36 (KHTML, like Gecko) Chrome/100.0.4896.127 Safari/537.36"
::1 - - uid: UID_UNDEFINED [20/Apr/2022:23:15:36 +0000] "POST /signin HTTP/1.1" 400 74 "http://localhost:3000/" "Mozilla/5.0 (Macintosh; Intel Mac OS X 10_15_7) AppleWebKit/537.36 (KHTML, like Gecko) Chrome/100.0.4896.127 Safari/537.36"
::1 - - uid: UID_UNDEFINED [20/Apr/2022:23:16:57 +0000] "POST /signin HTTP/1.1" 400 74 "http://localhost:3000/" "Mozilla/5.0 (Macintosh; Intel Mac OS X 10_15_7) AppleWebKit/537.36 (KHTML, like Gecko) Chrome/100.0.4896.127 Safari/537.36"
::1 - - uid: UID_UNDEFINED [20/Apr/2022:23:17:18 +0000] "POST /signin HTTP/1.1" 400 74 "http://localhost:3000/" "Mozilla/5.0 (Macintosh; Intel Mac OS X 10_15_7) AppleWebKit/537.36 (KHTML, like Gecko) Chrome/100.0.4896.127 Safari/537.36"
::1 - - uid: UID_UNDEFINED [21/Apr/2022:11:06:33 +0000] "POST /event HTTP/1.1" 404 145 "http://localhost:3000/" "Mozilla/5.0 (Macintosh; Intel Mac OS X 10_15_7) AppleWebKit/537.36 (KHTML, like Gecko) Chrome/100.0.4896.127 Safari/537.36"
::1 - - uid: UID_UNDEFINED [21/Apr/2022:11:06:51 +0000] "POST /event HTTP/1.1" 404 145 "http://localhost:3000/" "Mozilla/5.0 (Macintosh; Intel Mac OS X 10_15_7) AppleWebKit/537.36 (KHTML, like Gecko) Chrome/100.0.4896.127 Safari/537.36"
::1 - - uid: 625de5a83de8a73809c34a95 [21/Apr/2022:11:08:24 +0000] "POST /event HTTP/1.1" 400 46 "http://localhost:3000/" "Mozilla/5.0 (Macintosh; Intel Mac OS X 10_15_7) AppleWebKit/537.36 (KHTML, like Gecko) Chrome/100.0.4896.127 Safari/537.36"
::1 - - uid: UID_UNDEFINED [21/Apr/2022:11:08:49 +0000] "GET /event HTTP/1.1" 401 77 "-" "Mozilla/5.0 (Macintosh; Intel Mac OS X 10_15_7) AppleWebKit/537.36 (KHTML, like Gecko) Chrome/100.0.4896.127 Safari/537.36"
::1 - - uid: UID_UNDEFINED [21/Apr/2022:11:08:49 +0000] "GET /favicon.ico HTTP/1.1" 404 150 "http://localhost:5500/event" "Mozilla/5.0 (Macintosh; Intel Mac OS X 10_15_7) AppleWebKit/537.36 (KHTML, like Gecko) Chrome/100.0.4896.127 Safari/537.36"
::1 - - uid: 625de5a83de8a73809c34a95 [21/Apr/2022:11:09:02 +0000] "POST /event HTTP/1.1" 400 46 "http://localhost:3000/" "Mozilla/5.0 (Macintosh; Intel Mac OS X 10_15_7) AppleWebKit/537.36 (KHTML, like Gecko) Chrome/100.0.4896.127 Safari/537.36"
::1 - - uid: 625de5a83de8a73809c34a95 [21/Apr/2022:11:09:21 +0000] "POST /event HTTP/1.1" 400 46 "http://localhost:3000/" "Mozilla/5.0 (Macintosh; Intel Mac OS X 10_15_7) AppleWebKit/537.36 (KHTML, like Gecko) Chrome/100.0.4896.127 Safari/537.36"
::1 - - uid: 625de5a83de8a73809c34a95 [21/Apr/2022:11:12:30 +0000] "POST /event HTTP/1.1" 400 46 "http://localhost:3000/" "Mozilla/5.0 (Macintosh; Intel Mac OS X 10_15_7) AppleWebKit/537.36 (KHTML, like Gecko) Chrome/100.0.4896.127 Safari/537.36"
::1 - - uid: 625de5a83de8a73809c34a95 [21/Apr/2022:11:13:04 +0000] "POST /event HTTP/1.1" 400 46 "http://localhost:3000/" "Mozilla/5.0 (Macintosh; Intel Mac OS X 10_15_7) AppleWebKit/537.36 (KHTML, like Gecko) Chrome/100.0.4896.127 Safari/537.36"
::1 - - uid: 625de5a83de8a73809c34a95 [21/Apr/2022:11:15:16 +0000] "POST /event HTTP/1.1" 400 46 "http://localhost:3000/" "Mozilla/5.0 (Macintosh; Intel Mac OS X 10_15_7) AppleWebKit/537.36 (KHTML, like Gecko) Chrome/100.0.4896.127 Safari/537.36"
::1 - - uid: 625de5a83de8a73809c34a95 [21/Apr/2022:11:15:19 +0000] "POST /event HTTP/1.1" 400 46 "http://localhost:3000/" "Mozilla/5.0 (Macintosh; Intel Mac OS X 10_15_7) AppleWebKit/537.36 (KHTML, like Gecko) Chrome/100.0.4896.127 Safari/537.36"
::1 - - uid: 625de5a83de8a73809c34a95 [21/Apr/2022:11:15:33 +0000] "POST /event HTTP/1.1" 400 46 "http://localhost:3000/" "Mozilla/5.0 (Macintosh; Intel Mac OS X 10_15_7) AppleWebKit/537.36 (KHTML, like Gecko) Chrome/100.0.4896.127 Safari/537.36"
::1 - - uid: 625de5a83de8a73809c34a95 [21/Apr/2022:11:15:43 +0000] "POST /event HTTP/1.1" 400 46 "http://localhost:3000/" "Mozilla/5.0 (Macintosh; Intel Mac OS X 10_15_7) AppleWebKit/537.36 (KHTML, like Gecko) Chrome/100.0.4896.127 Safari/537.36"
::1 - - uid: 625de5a83de8a73809c34a95 [21/Apr/2022:11:16:05 +0000] "POST /event HTTP/1.1" 400 46 "http://localhost:3000/" "Mozilla/5.0 (Macintosh; Intel Mac OS X 10_15_7) AppleWebKit/537.36 (KHTML, like Gecko) Chrome/100.0.4896.127 Safari/537.36"
::1 - - uid: 625de5a83de8a73809c34a95 [21/Apr/2022:11:16:12 +0000] "POST /event HTTP/1.1" 400 46 "http://localhost:3000/" "Mozilla/5.0 (Macintosh; Intel Mac OS X 10_15_7) AppleWebKit/537.36 (KHTML, like Gecko) Chrome/100.0.4896.127 Safari/537.36"
::1 - - uid: 625de5a83de8a73809c34a95 [21/Apr/2022:11:16:38 +0000] "POST /event HTTP/1.1" 400 46 "http://localhost:3000/" "Mozilla/5.0 (Macintosh; Intel Mac OS X 10_15_7) AppleWebKit/537.36 (KHTML, like Gecko) Chrome/100.0.4896.127 Safari/537.36"
::1 - - uid: 625de5a83de8a73809c34a95 [21/Apr/2022:11:18:23 +0000] "POST /event HTTP/1.1" 400 46 "http://localhost:3000/" "Mozilla/5.0 (Macintosh; Intel Mac OS X 10_15_7) AppleWebKit/537.36 (KHTML, like Gecko) Chrome/100.0.4896.127 Safari/537.36"
